<?xml version="1.0" encoding="UTF-8"?>
<Site BuildName="Win32-make"
	BuildStamp="20231106-1341-Experimental"
	Name="Legion-Y540-NNA"
	Generator="ctest-3.28.0-rc3"
	CompilerName="C:/MinGW/bin/c++.exe"
	CompilerVersion="6.3.0"
	OSName="Windows"
	Hostname="Legion-Y540-NNA"
	OSRelease=" Personal"
	OSVersion=" (Build 19045)"
	OSPlatform="AMD64"
	Is64Bits="1"
	VendorString="GenuineIntel"
	VendorID="Intel Corporation"
	FamilyID="6"
	ModelID="14"
	ProcessorCacheSize="-1"
	NumberOfLogicalCPU="12"
	NumberOfPhysicalCPU="6"
	TotalVirtualMemory="28070"
	TotalPhysicalMemory="24486"
	LogicalProcessorsPerPhysical="2"
	ProcessorClockFrequency="2592"
	>
	<Testing>
		<StartDateTime>Nov 06 22:32 GMT Standard Time</StartDateTime>
		<StartTestTime>1699309936</StartTestTime>
		<TestList/>
		<EndDateTime>Nov 06 22:32 GMT Standard Time</EndDateTime>
		<EndTestTime>1699309936</EndTestTime>
		<ElapsedMinutes>0</ElapsedMinutes>
	</Testing>
</Site>
